# JRE version: OpenJDK Runtime Environment (Zulu 8.36.0.1-CA-macosx) (8.0_202-b05) (build 1.8.0_202-b05)
# Java VM: OpenJDK 64-Bit Server VM (25.202-b05 mixed mode bsd-amd64 compressed oops)
Heap:
 PSYoungGen      total 76288K, used 9433K [0x000000076ab00000, 0x0000000770000000, 0x00000007c0000000)
  eden space 65536K, 3% used [0x000000076ab00000,0x000000076ad49970,0x000000076eb00000)
  from space 10752K, 65% used [0x000000076f580000,0x000000076fc6cca8,0x0000000770000000)
  to   space 10752K, 0% used [0x000000076eb00000,0x000000076eb00000,0x000000076f580000)
 ParOldGen       total 175104K, used 7146K [0x00000006c0000000, 0x00000006cab00000, 0x000000076ab00000)
  object space 175104K, 4% used [0x00000006c0000000,0x00000006c06fab40,0x00000006cab00000)
 Metaspace       used 16586K, capacity 17004K, committed 17152K, reserved 1064960K
  class space    used 2053K, capacity 2189K, committed 2304K, reserved 1048576K
GC Heap History (8 events):
Event: 11.714 GC heap before
{Heap before GC invocations=1 (full 0):
 PSYoungGen      total 76288K, used 63666K [0x000000076ab00000, 0x0000000770000000, 0x00000007c0000000)
  eden space 65536K, 97% used [0x000000076ab00000,0x000000076e92c9c0,0x000000076eb00000)
  from space 10752K, 0% used [0x000000076f580000,0x000000076f580000,0x0000000770000000)
  to   space 10752K, 0% used [0x000000076eb00000,0x000000076eb00000,0x000000076f580000)
 ParOldGen       total 175104K, used 0K [0x00000006c0000000, 0x00000006cab00000, 0x000000076ab00000)
  object space 175104K, 0% used [0x00000006c0000000,0x00000006c0000000,0x00000006cab00000)
 Metaspace       used 16098K, capacity 16536K, committed 16896K, reserved 1064960K
  class space    used 2049K, capacity 2189K, committed 2304K, reserved 1048576K
Event: 11.725 GC heap after
Heap after GC invocations=1 (full 0):
 PSYoungGen      total 76288K, used 8012K [0x000000076ab00000, 0x0000000770000000, 0x00000007c0000000)
  eden space 65536K, 0% used [0x000000076ab00000,0x000000076ab00000,0x000000076eb00000)
  from space 10752K, 74% used [0x000000076eb00000,0x000000076f2d3180,0x000000076f580000)
  to   space 10752K, 0% used [0x000000076f580000,0x000000076f580000,0x0000000770000000)
 ParOldGen       total 175104K, used 16K [0x00000006c0000000, 0x00000006cab00000, 0x000000076ab00000)
  object space 175104K, 0% used [0x00000006c0000000,0x00000006c0004000,0x00000006cab00000)
 Metaspace       used 16098K, capacity 16536K, committed 16896K, reserved 1064960K
  class space    used 2049K, capacity 2189K, committed 2304K, reserved 1048576K
}
Event: 12.786 GC heap before
{Heap before GC invocations=2 (full 0):
 PSYoungGen      total 76288K, used 73548K [0x000000076ab00000, 0x0000000770000000, 0x00000007c0000000)
  eden space 65536K, 100% used [0x000000076ab00000,0x000000076eb00000,0x000000076eb00000)
  from space 10752K, 74% used [0x000000076eb00000,0x000000076f2d3180,0x000000076f580000)
  to   space 10752K, 0% used [0x000000076f580000,0x000000076f580000,0x0000000770000000)
 ParOldGen       total 175104K, used 16K [0x00000006c0000000, 0x00000006cab00000, 0x000000076ab00000)
  object space 175104K, 0% used [0x00000006c0000000,0x00000006c0004000,0x00000006cab00000)
 Metaspace       used 16370K, capacity 16808K, committed 17152K, reserved 1064960K
  class space    used 2049K, capacity 2189K, committed 2304K, reserved 1048576K
Event: 12.799 GC heap after
Heap after GC invocations=2 (full 0):
 PSYoungGen      total 76288K, used 10352K [0x000000076ab00000, 0x0000000770000000, 0x00000007c0000000)
  eden space 65536K, 0% used [0x000000076ab00000,0x000000076ab00000,0x000000076eb00000)
  from space 10752K, 96% used [0x000000076f580000,0x000000076ff9c068,0x0000000770000000)
  to   space 10752K, 0% used [0x000000076eb00000,0x000000076eb00000,0x000000076f580000)
 ParOldGen       total 175104K, used 7130K [0x00000006c0000000, 0x00000006cab00000, 0x000000076ab00000)
  object space 175104K, 4% used [0x00000006c0000000,0x00000006c06f6b40,0x00000006cab00000)
 Metaspace       used 16370K, capacity 16808K, committed 17152K, reserved 1064960K
  class space    used 2049K, capacity 2189K, committed 2304K, reserved 1048576K
}
Event: 56.133 GC heap before
{Heap before GC invocations=3 (full 0):
 PSYoungGen      total 76288K, used 75383K [0x000000076ab00000, 0x0000000770000000, 0x00000007c0000000)
  eden space 65536K, 99% used [0x000000076ab00000,0x000000076ea81f88,0x000000076eb00000)
  from space 10752K, 96% used [0x000000076f580000,0x000000076ff9c068,0x0000000770000000)
  to   space 10752K, 0% used [0x000000076eb00000,0x000000076eb00000,0x000000076f580000)
 ParOldGen       total 175104K, used 7130K [0x00000006c0000000, 0x00000006cab00000, 0x000000076ab00000)
  object space 175104K, 4% used [0x00000006c0000000,0x00000006c06f6b40,0x00000006cab00000)
 Metaspace       used 16529K, capacity 16936K, committed 17152K, reserved 1064960K
  class space    used 2053K, capacity 2189K, committed 2304K, reserved 1048576K
Event: 56.142 GC heap after
Heap after GC invocations=3 (full 0):
 PSYoungGen      total 76288K, used 7768K [0x000000076ab00000, 0x0000000770000000, 0x00000007c0000000)
  eden space 65536K, 0% used [0x000000076ab00000,0x000000076ab00000,0x000000076eb00000)
  from space 10752K, 72% used [0x000000076eb00000,0x000000076f2960c0,0x000000076f580000)
  to   space 10752K, 0% used [0x000000076f580000,0x000000076f580000,0x0000000770000000)
 ParOldGen       total 175104K, used 7138K [0x00000006c0000000, 0x00000006cab00000, 0x000000076ab00000)
  object space 175104K, 4% used [0x00000006c0000000,0x00000006c06f8b40,0x00000006cab00000)
 Metaspace       used 16529K, capacity 16936K, committed 17152K, reserved 1064960K
  class space    used 2053K, capacity 2189K, committed 2304K, reserved 1048576K
}
Event: 72.214 GC heap before
{Heap before GC invocations=4 (full 0):
 PSYoungGen      total 76288K, used 73002K [0x000000076ab00000, 0x0000000770000000, 0x00000007c0000000)
  eden space 65536K, 99% used [0x000000076ab00000,0x000000076eab47c0,0x000000076eb00000)
  from space 10752K, 72% used [0x000000076eb00000,0x000000076f2960c0,0x000000076f580000)
  to   space 10752K, 0% used [0x000000076f580000,0x000000076f580000,0x0000000770000000)
 ParOldGen       total 175104K, used 7138K [0x00000006c0000000, 0x00000006cab00000, 0x000000076ab00000)
  object space 175104K, 4% used [0x00000006c0000000,0x00000006c06f8b40,0x00000006cab00000)
 Metaspace       used 16585K, capacity 17004K, committed 17152K, reserved 1064960K
  class space    used 2053K, capacity 2189K, committed 2304K, reserved 1048576K
Event: 72.219 GC heap after
Heap after GC invocations=4 (full 0):
 PSYoungGen      total 76288K, used 7091K [0x000000076ab00000, 0x0000000770000000, 0x00000007c0000000)
  eden space 65536K, 0% used [0x000000076ab00000,0x000000076ab00000,0x000000076eb00000)
  from space 10752K, 65% used [0x000000076f580000,0x000000076fc6cca8,0x0000000770000000)
  to   space 10752K, 0% used [0x000000076eb00000,0x000000076eb00000,0x000000076f580000)
 ParOldGen       total 175104K, used 7146K [0x00000006c0000000, 0x00000006cab00000, 0x000000076ab00000)
  object space 175104K, 4% used [0x00000006c0000000,0x00000006c06fab40,0x00000006cab00000)
 Metaspace       used 16585K, capacity 17004K, committed 17152K, reserved 1064960K
  class space    used 2053K, capacity 2189K, committed 2304K, reserved 1048576K
}

